#! /usr/bin/vvp
:ivl_version "10.1 (stable)";
:ivl_delay_selection "TYPICAL";
:vpi_time_precision + 0;
:vpi_module "system";
:vpi_module "vhdl_sys";
:vpi_module "v2005_math";
:vpi_module "va_math";
S_0x7fffc08a4950 .scope module, "mux2_1" "mux2_1" 2 1;
 .timescale 0 0;
    .port_info 0 /INPUT 32 "a"
    .port_info 1 /INPUT 32 "b"
    .port_info 2 /INPUT 1 "sel"
    .port_info 3 /OUTPUT 1 "out"
v0x7fffc08a4b40_0 .net *"_s0", 31 0, L_0x7fffc08c4fd0;  1 drivers
o0x7f731b1c0048 .functor BUFZ 32, C4<zzzzzzzzzzzzzzzzzzzzzzzzzzzzzzzz>; HiZ drive
v0x7fffc08c4c00_0 .net "a", 31 0, o0x7f731b1c0048;  0 drivers
o0x7f731b1c0078 .functor BUFZ 32, C4<zzzzzzzzzzzzzzzzzzzzzzzzzzzzzzzz>; HiZ drive
v0x7fffc08c4ce0_0 .net "b", 31 0, o0x7f731b1c0078;  0 drivers
v0x7fffc08c4dd0_0 .net "out", 0 0, L_0x7fffc08c5120;  1 drivers
o0x7f731b1c00d8 .functor BUFZ 1, C4<z>; HiZ drive
v0x7fffc08c4e90_0 .net "sel", 0 0, o0x7f731b1c00d8;  0 drivers
L_0x7fffc08c4fd0 .functor MUXZ 32, o0x7f731b1c0078, o0x7f731b1c0048, o0x7f731b1c00d8, C4<>;
L_0x7fffc08c5120 .part L_0x7fffc08c4fd0, 0, 1;
# The file index is used to find the file name in the following table.
:file_names 3;
    "N/A";
    "<interactive>";
    "mux2_1.v";
