#! /usr/bin/vvp
:ivl_version "10.1 (stable)";
:ivl_delay_selection "TYPICAL";
:vpi_time_precision + 0;
:vpi_module "system";
:vpi_module "vhdl_sys";
:vpi_module "v2005_math";
:vpi_module "va_math";
S_0x7fffe31be060 .scope module, "ALU" "ALU" 2 1;
 .timescale 0 0;
    .port_info 0 /INPUT 32 "entr1"
    .port_info 1 /INPUT 32 "entr2"
    .port_info 2 /INPUT 4 "alu_ctrl"
    .port_info 3 /OUTPUT 32 "alu_result"
    .port_info 4 /OUTPUT 1 "zero"
o0x7f991e1b0018 .functor BUFZ 4, C4<zzzz>; HiZ drive
v0x7fffe31bfe70_0 .net "alu_ctrl", 3 0, o0x7f991e1b0018;  0 drivers
v0x7fffe31f5d80_0 .var "alu_result", 31 0;
o0x7f991e1b0078 .functor BUFZ 32, C4<zzzzzzzzzzzzzzzzzzzzzzzzzzzzzzzz>; HiZ drive
v0x7fffe31f5e60_0 .net "entr1", 31 0, o0x7f991e1b0078;  0 drivers
o0x7f991e1b00a8 .functor BUFZ 32, C4<zzzzzzzzzzzzzzzzzzzzzzzzzzzzzzzz>; HiZ drive
v0x7fffe31f5f20_0 .net "entr2", 31 0, o0x7f991e1b00a8;  0 drivers
v0x7fffe31f6000_0 .var "zero", 0 0;
E_0x7fffe31daa50 .event edge, v0x7fffe31bfe70_0, v0x7fffe31f5e60_0, v0x7fffe31f5f20_0;
S_0x7fffe31bda40 .scope module, "ALU_Control" "ALU_Control" 3 1;
 .timescale 0 0;
    .port_info 0 /INPUT 2 "aluOp"
    .port_info 1 /INPUT 6 "func"
    .port_info 2 /OUTPUT 4 "out"
o0x7f991e1b01f8 .functor BUFZ 2, C4<zz>; HiZ drive
v0x7fffe31f6230_0 .net "aluOp", 1 0, o0x7f991e1b01f8;  0 drivers
o0x7f991e1b0228 .functor BUFZ 6, C4<zzzzzz>; HiZ drive
v0x7fffe31f6330_0 .net "func", 5 0, o0x7f991e1b0228;  0 drivers
v0x7fffe31f6410_0 .var "out", 3 0;
E_0x7fffe31f61b0 .event edge, v0x7fffe31f6230_0, v0x7fffe31f6330_0;
S_0x7fffe31bc980 .scope module, "Adder" "Adder" 4 1;
 .timescale 0 0;
    .port_info 0 /INPUT 32 "a"
    .port_info 1 /INPUT 32 "b"
    .port_info 2 /OUTPUT 32 "y"
o0x7f991e1b0318 .functor BUFZ 32, C4<zzzzzzzzzzzzzzzzzzzzzzzzzzzzzzzz>; HiZ drive
v0x7fffe31f6550_0 .net "a", 31 0, o0x7f991e1b0318;  0 drivers
o0x7f991e1b0348 .functor BUFZ 32, C4<zzzzzzzzzzzzzzzzzzzzzzzzzzzzzzzz>; HiZ drive
v0x7fffe31f6630_0 .net "b", 31 0, o0x7f991e1b0348;  0 drivers
v0x7fffe31f6710_0 .net "y", 31 0, L_0x7fffe31fad10;  1 drivers
L_0x7fffe31fad10 .arith/sum 32, o0x7f991e1b0318, o0x7f991e1b0348;
S_0x7fffe31bbdc0 .scope module, "And" "And" 5 1;
 .timescale 0 0;
    .port_info 0 /INPUT 1 "a"
    .port_info 1 /INPUT 1 "b"
    .port_info 2 /OUTPUT 1 "out"
o0x7f991e1b0438 .functor BUFZ 1, C4<z>; HiZ drive
o0x7f991e1b0468 .functor BUFZ 1, C4<z>; HiZ drive
L_0x7fffe31fadb0 .functor AND 1, o0x7f991e1b0438, o0x7f991e1b0468, C4<1>, C4<1>;
v0x7fffe31f6850_0 .net "a", 0 0, o0x7f991e1b0438;  0 drivers
v0x7fffe31f6910_0 .net "b", 0 0, o0x7f991e1b0468;  0 drivers
v0x7fffe31f69d0_0 .net "out", 0 0, L_0x7fffe31fadb0;  1 drivers
S_0x7fffe31baf20 .scope module, "Control" "Control" 6 1;
 .timescale 0 0;
    .port_info 0 /INPUT 1 "clk"
    .port_info 1 /INPUT 6 "Instruction"
    .port_info 2 /OUTPUT 1 "RegDst"
    .port_info 3 /OUTPUT 1 "Jump"
    .port_info 4 /OUTPUT 1 "Branch"
    .port_info 5 /OUTPUT 2 "MemRead"
    .port_info 6 /OUTPUT 1 "MemtoReg"
    .port_info 7 /OUTPUT 2 "ALUOp"
    .port_info 8 /OUTPUT 2 "MemWrite"
    .port_info 9 /OUTPUT 1 "ALUSrc"
    .port_info 10 /OUTPUT 1 "RegWrite"
v0x7fffe31f6b80_0 .var "ALUOp", 1 0;
v0x7fffe31f6c80_0 .var "ALUSrc", 0 0;
v0x7fffe31f6d40_0 .var "Branch", 0 0;
o0x7f991e1b05e8 .functor BUFZ 6, C4<zzzzzz>; HiZ drive
v0x7fffe31f6e10_0 .net "Instruction", 5 0, o0x7f991e1b05e8;  0 drivers
v0x7fffe31f6ef0_0 .var "Jump", 0 0;
v0x7fffe31f7000_0 .var "MemRead", 1 0;
v0x7fffe31f70e0_0 .var "MemWrite", 1 0;
v0x7fffe31f71c0_0 .var "MemtoReg", 0 0;
v0x7fffe31f7280_0 .var "RegDst", 0 0;
v0x7fffe31f73d0_0 .var "RegWrite", 0 0;
o0x7f991e1b0738 .functor BUFZ 1, C4<z>; HiZ drive
v0x7fffe31f7490_0 .net "clk", 0 0, o0x7f991e1b0738;  0 drivers
E_0x7fffe31f6b20 .event posedge, v0x7fffe31f7490_0;
S_0x7fffe31ba6e0 .scope module, "DATAPATH" "DATAPATH" 7 16;
 .timescale 0 0;
    .port_info 0 /INPUT 1 "clk"
    .port_info 1 /INPUT 1 "reset"
v0x7fffe31f7f40_0 .net "Out_PC", 31 0, v0x7fffe31f7ce0_0;  1 drivers
o0x7f991e1b09a8 .functor BUFZ 32, C4<zzzzzzzzzzzzzzzzzzzzzzzzzzzzzzzz>; HiZ drive
v0x7fffe31f8020_0 .net "address_final", 31 0, o0x7f991e1b09a8;  0 drivers
o0x7f991e1b0978 .functor BUFZ 1, C4<z>; HiZ drive
v0x7fffe31f80f0_0 .net "clk", 0 0, o0x7f991e1b0978;  0 drivers
o0x7f991e1b0a08 .functor BUFZ 1, C4<z>; HiZ drive
v0x7fffe31f81f0_0 .net "reset", 0 0, o0x7f991e1b0a08;  0 drivers
E_0x7fffe31f76b0 .event posedge, v0x7fffe31f7b20_0;
S_0x7fffe31f7730 .scope module, "call_pc" "PC" 7 41, 8 1 0, S_0x7fffe31ba6e0;
 .timescale 0 0;
    .port_info 0 /INPUT 1 "clk"
    .port_info 1 /INPUT 1 "reset"
    .port_info 2 /INPUT 32 "d"
    .port_info 3 /OUTPUT 32 "q"
P_0x7fffe31f78d0 .param/l "WIDTH" 0 8 1, +C4<00000000000000000000000000100000>;
v0x7fffe31f7b20_0 .net "clk", 0 0, o0x7f991e1b0978;  alias, 0 drivers
v0x7fffe31f7c00_0 .net "d", 31 0, o0x7f991e1b09a8;  alias, 0 drivers
v0x7fffe31f7ce0_0 .var "q", 31 0;
v0x7fffe31f7dd0_0 .net "reset", 0 0, o0x7f991e1b0a08;  alias, 0 drivers
E_0x7fffe31f7aa0 .event posedge, v0x7fffe31f7dd0_0, v0x7fffe31f7b20_0;
S_0x7fffe31bbf80 .scope module, "Data_Memory" "Data_Memory" 9 1;
 .timescale 0 0;
    .port_info 0 /INPUT 1 "clk"
    .port_info 1 /INPUT 32 "address"
    .port_info 2 /INPUT 2 "memwrite"
    .port_info 3 /INPUT 32 "writedata"
    .port_info 4 /OUTPUT 32 "read_data"
    .port_info 5 /INPUT 2 "memread"
o0x7f991e1b0b58 .functor BUFZ 32, C4<zzzzzzzzzzzzzzzzzzzzzzzzzzzzzzzz>; HiZ drive
v0x7fffe31f8380_0 .net "address", 31 0, o0x7f991e1b0b58;  0 drivers
v0x7fffe31f8460 .array "array", 39 0, 7 0;
o0x7f991e1b0b88 .functor BUFZ 1, C4<z>; HiZ drive
v0x7fffe31f8520_0 .net "clk", 0 0, o0x7f991e1b0b88;  0 drivers
o0x7f991e1b0bb8 .functor BUFZ 2, C4<zz>; HiZ drive
v0x7fffe31f85f0_0 .net "memread", 1 0, o0x7f991e1b0bb8;  0 drivers
o0x7f991e1b0be8 .functor BUFZ 2, C4<zz>; HiZ drive
v0x7fffe31f86d0_0 .net "memwrite", 1 0, o0x7f991e1b0be8;  0 drivers
v0x7fffe31f8800_0 .var "read_data", 31 0;
o0x7f991e1b0c48 .functor BUFZ 32, C4<zzzzzzzzzzzzzzzzzzzzzzzzzzzzzzzz>; HiZ drive
v0x7fffe31f88e0_0 .net "writedata", 31 0, o0x7f991e1b0c48;  0 drivers
E_0x7fffe31f82c0 .event negedge, v0x7fffe31f8520_0;
E_0x7fffe31f8320 .event posedge, v0x7fffe31f8520_0;
S_0x7fffe31bb0e0 .scope module, "InstructionMemory" "InstructionMemory" 10 1;
 .timescale 0 0;
    .port_info 0 /INPUT 1 "clk"
    .port_info 1 /INPUT 32 "pc"
    .port_info 2 /OUTPUT 32 "out"
o0x7f991e1b0d98 .functor BUFZ 1, C4<z>; HiZ drive
v0x7fffe31f8b00_0 .net "clk", 0 0, o0x7f991e1b0d98;  0 drivers
v0x7fffe31f8be0 .array "instrucciones", 0 7, 31 0;
v0x7fffe31f8ca0_0 .var "out", 31 0;
o0x7f991e1b0df8 .functor BUFZ 32, C4<zzzzzzzzzzzzzzzzzzzzzzzzzzzzzzzz>; HiZ drive
v0x7fffe31f8d60_0 .net "pc", 31 0, o0x7f991e1b0df8;  0 drivers
E_0x7fffe317b530 .event posedge, v0x7fffe31f8b00_0;
S_0x7fffe31ba8a0 .scope module, "Register_File" "Register_File" 11 1;
 .timescale 0 0;
    .port_info 0 /INPUT 1 "clk"
    .port_info 1 /INPUT 5 "readreg1"
    .port_info 2 /INPUT 5 "readreg2"
    .port_info 3 /INPUT 5 "writereg"
    .port_info 4 /INPUT 32 "writedata"
    .port_info 5 /OUTPUT 32 "read_data1"
    .port_info 6 /OUTPUT 32 "read_data2"
    .port_info 7 /INPUT 1 "regwrite"
o0x7f991e1b0eb8 .functor BUFZ 1, C4<z>; HiZ drive
v0x7fffe31f8f80_0 .net "clk", 0 0, o0x7f991e1b0eb8;  0 drivers
v0x7fffe31f9060_0 .var "read_data1", 31 0;
v0x7fffe31f9140_0 .var "read_data2", 31 0;
o0x7f991e1b0f48 .functor BUFZ 5, C4<zzzzz>; HiZ drive
v0x7fffe31f9230_0 .net "readreg1", 4 0, o0x7f991e1b0f48;  0 drivers
o0x7f991e1b0f78 .functor BUFZ 5, C4<zzzzz>; HiZ drive
v0x7fffe31f9310_0 .net "readreg2", 4 0, o0x7f991e1b0f78;  0 drivers
v0x7fffe31f9440 .array "reg_set", 31 0, 31 0;
o0x7f991e1b0fa8 .functor BUFZ 1, C4<z>; HiZ drive
v0x7fffe31f9500_0 .net "regwrite", 0 0, o0x7f991e1b0fa8;  0 drivers
o0x7f991e1b0fd8 .functor BUFZ 32, C4<zzzzzzzzzzzzzzzzzzzzzzzzzzzzzzzz>; HiZ drive
v0x7fffe31f95c0_0 .net "writedata", 31 0, o0x7f991e1b0fd8;  0 drivers
o0x7f991e1b1008 .functor BUFZ 5, C4<zzzzz>; HiZ drive
v0x7fffe31f96a0_0 .net "writereg", 4 0, o0x7f991e1b1008;  0 drivers
E_0x7fffe31f8ec0 .event negedge, v0x7fffe31f8f80_0;
E_0x7fffe31f8f20 .event posedge, v0x7fffe31f8f80_0;
S_0x7fffe31bc500 .scope module, "Shift_Left_Branch" "Shift_Left_Branch" 12 1;
 .timescale 0 0;
    .port_info 0 /INPUT 32 "imm"
    .port_info 1 /OUTPUT 32 "branch_address"
v0x7fffe31f9900_0 .var "branch_address", 31 0;
o0x7f991e1b11e8 .functor BUFZ 32, C4<zzzzzzzzzzzzzzzzzzzzzzzzzzzzzzzz>; HiZ drive
v0x7fffe31f9a00_0 .net "imm", 31 0, o0x7f991e1b11e8;  0 drivers
E_0x7fffe31f9880 .event edge, v0x7fffe31f9a00_0;
S_0x7fffe31bc320 .scope module, "Shift_Left_Jump" "Shift_Left_Jump" 13 1;
 .timescale 0 0;
    .port_info 0 /INPUT 26 "imm"
    .port_info 1 /INPUT 4 "PC"
    .port_info 2 /OUTPUT 32 "jump"
o0x7f991e1b1278 .functor BUFZ 4, C4<zzzz>; HiZ drive
v0x7fffe31f9ba0_0 .net "PC", 3 0, o0x7f991e1b1278;  0 drivers
o0x7f991e1b12a8 .functor BUFZ 26, C4<zzzzzzzzzzzzzzzzzzzzzzzzzz>; HiZ drive
v0x7fffe31f9ca0_0 .net "imm", 25 0, o0x7f991e1b12a8;  0 drivers
v0x7fffe31f9d80_0 .var "jump", 31 0;
v0x7fffe31f9e40_0 .var "shift", 1 0;
E_0x7fffe31f9b40 .event edge, v0x7fffe31f9ba0_0, v0x7fffe31f9ca0_0, v0x7fffe31f9e40_0;
S_0x7fffe31bc140 .scope module, "SignExtend" "SignExtend" 14 1;
 .timescale 0 0;
    .port_info 0 /INPUT 16 "a"
    .port_info 1 /OUTPUT 32 "b"
o0x7f991e1b13c8 .functor BUFZ 16, C4<zzzzzzzzzzzzzzzz>; HiZ drive
v0x7fffe31fa000_0 .net "a", 15 0, o0x7f991e1b13c8;  0 drivers
v0x7fffe31fa100_0 .var "b", 31 0;
E_0x7fffe31f9fa0 .event edge, v0x7fffe31fa000_0;
S_0x7fffe31bde40 .scope module, "adder_pc" "adder_pc" 15 1;
 .timescale 0 0;
    .port_info 0 /INPUT 32 "pc"
    .port_info 1 /OUTPUT 32 "pc_add"
o0x7f991e1b1488 .functor BUFZ 32, C4<zzzzzzzzzzzzzzzzzzzzzzzzzzzzzzzz>; HiZ drive
v0x7fffe31fa2a0_0 .net "pc", 31 0, o0x7f991e1b1488;  0 drivers
v0x7fffe31fa3a0_0 .var "pc_add", 31 0;
E_0x7fffe31fa240 .event edge, v0x7fffe31fa2a0_0;
S_0x7fffe31bd820 .scope module, "mux2_1" "mux2_1" 16 1;
 .timescale 0 0;
    .port_info 0 /INPUT 32 "a"
    .port_info 1 /INPUT 32 "b"
    .port_info 2 /INPUT 1 "sel"
    .port_info 3 /OUTPUT 32 "out"
o0x7f991e1b1548 .functor BUFZ 32, C4<zzzzzzzzzzzzzzzzzzzzzzzzzzzzzzzz>; HiZ drive
v0x7fffe31fa4e0_0 .net "a", 31 0, o0x7f991e1b1548;  0 drivers
o0x7f991e1b1578 .functor BUFZ 32, C4<zzzzzzzzzzzzzzzzzzzzzzzzzzzzzzzz>; HiZ drive
v0x7fffe31fa5c0_0 .net "b", 31 0, o0x7f991e1b1578;  0 drivers
v0x7fffe31fa6a0_0 .net "out", 31 0, L_0x7fffe31faf10;  1 drivers
o0x7f991e1b15d8 .functor BUFZ 1, C4<z>; HiZ drive
v0x7fffe31fa790_0 .net "sel", 0 0, o0x7f991e1b15d8;  0 drivers
L_0x7fffe31faf10 .functor MUXZ 32, o0x7f991e1b1578, o0x7f991e1b1548, o0x7f991e1b15d8, C4<>;
S_0x7fffe31bd600 .scope module, "mux2_1_5" "mux2_1_5" 17 1;
 .timescale 0 0;
    .port_info 0 /INPUT 5 "a"
    .port_info 1 /INPUT 5 "b"
    .port_info 2 /INPUT 1 "sel"
    .port_info 3 /OUTPUT 5 "out"
o0x7f991e1b16c8 .functor BUFZ 5, C4<zzzzz>; HiZ drive
v0x7fffe31fa900_0 .net "a", 4 0, o0x7f991e1b16c8;  0 drivers
o0x7f991e1b16f8 .functor BUFZ 5, C4<zzzzz>; HiZ drive
v0x7fffe31faa00_0 .net "b", 4 0, o0x7f991e1b16f8;  0 drivers
v0x7fffe31faae0_0 .net "out", 4 0, L_0x7fffe31fb070;  1 drivers
o0x7f991e1b1758 .functor BUFZ 1, C4<z>; HiZ drive
v0x7fffe31faba0_0 .net "sel", 0 0, o0x7f991e1b1758;  0 drivers
L_0x7fffe31fb070 .functor MUXZ 5, o0x7f991e1b16f8, o0x7f991e1b16c8, o0x7f991e1b1758, C4<>;
    .scope S_0x7fffe31be060;
T_0 ;
    %pushi/vec4 0, 0, 1;
    %store/vec4 v0x7fffe31f6000_0, 0, 1;
    %end;
    .thread T_0;
    .scope S_0x7fffe31be060;
T_1 ;
    %wait E_0x7fffe31daa50;
    %load/vec4 v0x7fffe31bfe70_0;
    %dup/vec4;
    %pushi/vec4 0, 0, 4;
    %cmp/u;
    %jmp/1 T_1.0, 6;
    %dup/vec4;
    %pushi/vec4 1, 0, 4;
    %cmp/u;
    %jmp/1 T_1.1, 6;
    %dup/vec4;
    %pushi/vec4 2, 0, 4;
    %cmp/u;
    %jmp/1 T_1.2, 6;
    %dup/vec4;
    %pushi/vec4 3, 0, 4;
    %cmp/u;
    %jmp/1 T_1.3, 6;
    %dup/vec4;
    %pushi/vec4 4, 0, 4;
    %cmp/u;
    %jmp/1 T_1.4, 6;
    %dup/vec4;
    %pushi/vec4 5, 0, 4;
    %cmp/u;
    %jmp/1 T_1.5, 6;
    %dup/vec4;
    %pushi/vec4 6, 0, 4;
    %cmp/u;
    %jmp/1 T_1.6, 6;
    %dup/vec4;
    %pushi/vec4 7, 0, 4;
    %cmp/u;
    %jmp/1 T_1.7, 6;
    %jmp T_1.8;
T_1.0 ;
    %load/vec4 v0x7fffe31f5e60_0;
    %load/vec4 v0x7fffe31f5f20_0;
    %add;
    %store/vec4 v0x7fffe31f5d80_0, 0, 32;
    %jmp T_1.8;
T_1.1 ;
    %load/vec4 v0x7fffe31f5e60_0;
    %load/vec4 v0x7fffe31f5f20_0;
    %sub;
    %store/vec4 v0x7fffe31f5d80_0, 0, 32;
    %jmp T_1.8;
T_1.2 ;
    %load/vec4 v0x7fffe31f5e60_0;
    %load/vec4 v0x7fffe31f5f20_0;
    %and;
    %store/vec4 v0x7fffe31f5d80_0, 0, 32;
    %jmp T_1.8;
T_1.3 ;
    %load/vec4 v0x7fffe31f5e60_0;
    %load/vec4 v0x7fffe31f5f20_0;
    %or;
    %inv;
    %store/vec4 v0x7fffe31f5d80_0, 0, 32;
    %jmp T_1.8;
T_1.4 ;
    %load/vec4 v0x7fffe31f5e60_0;
    %load/vec4 v0x7fffe31f5f20_0;
    %or;
    %store/vec4 v0x7fffe31f5d80_0, 0, 32;
    %jmp T_1.8;
T_1.5 ;
    %load/vec4 v0x7fffe31f5f20_0;
    %load/vec4 v0x7fffe31f5e60_0;
    %cmp/u;
    %jmp/0xz  T_1.9, 5;
    %pushi/vec4 1, 0, 32;
    %store/vec4 v0x7fffe31f5d80_0, 0, 32;
    %jmp T_1.10;
T_1.9 ;
    %pushi/vec4 0, 0, 32;
    %store/vec4 v0x7fffe31f5d80_0, 0, 32;
T_1.10 ;
    %jmp T_1.8;
T_1.6 ;
    %load/vec4 v0x7fffe31f5e60_0;
    %load/vec4 v0x7fffe31f5f20_0;
    %cmp/e;
    %jmp/0xz  T_1.11, 4;
    %pushi/vec4 1, 0, 1;
    %store/vec4 v0x7fffe31f6000_0, 0, 1;
    %jmp T_1.12;
T_1.11 ;
    %pushi/vec4 0, 0, 1;
    %store/vec4 v0x7fffe31f6000_0, 0, 1;
T_1.12 ;
    %jmp T_1.8;
T_1.7 ;
    %load/vec4 v0x7fffe31f5e60_0;
    %load/vec4 v0x7fffe31f5f20_0;
    %cmp/e;
    %jmp/0xz  T_1.13, 4;
    %pushi/vec4 0, 0, 1;
    %store/vec4 v0x7fffe31f6000_0, 0, 1;
    %jmp T_1.14;
T_1.13 ;
    %pushi/vec4 1, 0, 1;
    %store/vec4 v0x7fffe31f6000_0, 0, 1;
T_1.14 ;
    %jmp T_1.8;
T_1.8 ;
    %pop/vec4 1;
    %jmp T_1;
    .thread T_1, $push;
    .scope S_0x7fffe31bda40;
T_2 ;
    %wait E_0x7fffe31f61b0;
    %load/vec4 v0x7fffe31f6230_0;
    %dup/vec4;
    %pushi/vec4 0, 0, 2;
    %cmp/u;
    %jmp/1 T_2.0, 6;
    %dup/vec4;
    %pushi/vec4 1, 0, 2;
    %cmp/u;
    %jmp/1 T_2.1, 6;
    %dup/vec4;
    %pushi/vec4 2, 0, 2;
    %cmp/u;
    %jmp/1 T_2.2, 6;
    %jmp T_2.3;
T_2.0 ;
    %load/vec4 v0x7fffe31f6330_0;
    %dup/vec4;
    %pushi/vec4 32, 0, 6;
    %cmp/u;
    %jmp/1 T_2.4, 6;
    %dup/vec4;
    %pushi/vec4 34, 0, 6;
    %cmp/u;
    %jmp/1 T_2.5, 6;
    %dup/vec4;
    %pushi/vec4 36, 0, 6;
    %cmp/u;
    %jmp/1 T_2.6, 6;
    %dup/vec4;
    %pushi/vec4 39, 0, 6;
    %cmp/u;
    %jmp/1 T_2.7, 6;
    %dup/vec4;
    %pushi/vec4 37, 0, 6;
    %cmp/u;
    %jmp/1 T_2.8, 6;
    %dup/vec4;
    %pushi/vec4 42, 0, 6;
    %cmp/u;
    %jmp/1 T_2.9, 6;
    %jmp T_2.10;
T_2.4 ;
    %pushi/vec4 0, 0, 4;
    %assign/vec4 v0x7fffe31f6410_0, 0;
    %jmp T_2.10;
T_2.5 ;
    %pushi/vec4 1, 0, 4;
    %assign/vec4 v0x7fffe31f6410_0, 0;
    %jmp T_2.10;
T_2.6 ;
    %pushi/vec4 2, 0, 4;
    %assign/vec4 v0x7fffe31f6410_0, 0;
    %jmp T_2.10;
T_2.7 ;
    %pushi/vec4 3, 0, 4;
    %assign/vec4 v0x7fffe31f6410_0, 0;
    %jmp T_2.10;
T_2.8 ;
    %pushi/vec4 4, 0, 4;
    %assign/vec4 v0x7fffe31f6410_0, 0;
    %jmp T_2.10;
T_2.9 ;
    %pushi/vec4 5, 0, 4;
    %assign/vec4 v0x7fffe31f6410_0, 0;
    %jmp T_2.10;
T_2.10 ;
    %pop/vec4 1;
    %jmp T_2.3;
T_2.1 ;
    %pushi/vec4 0, 0, 4;
    %assign/vec4 v0x7fffe31f6410_0, 0;
    %jmp T_2.3;
T_2.2 ;
    %pushi/vec4 1, 0, 4;
    %store/vec4 v0x7fffe31f6410_0, 0, 4;
    %jmp T_2.3;
T_2.3 ;
    %pop/vec4 1;
    %jmp T_2;
    .thread T_2, $push;
    .scope S_0x7fffe31baf20;
T_3 ;
    %wait E_0x7fffe31f6b20;
    %load/vec4 v0x7fffe31f6e10_0;
    %cmpi/e 0, 0, 6;
    %jmp/0xz  T_3.0, 4;
    %pushi/vec4 1, 0, 1;
    %store/vec4 v0x7fffe31f7280_0, 0, 1;
    %pushi/vec4 0, 0, 1;
    %store/vec4 v0x7fffe31f6ef0_0, 0, 1;
    %pushi/vec4 0, 0, 1;
    %store/vec4 v0x7fffe31f6d40_0, 0, 1;
    %pushi/vec4 0, 0, 2;
    %store/vec4 v0x7fffe31f7000_0, 0, 2;
    %pushi/vec4 0, 0, 1;
    %store/vec4 v0x7fffe31f71c0_0, 0, 1;
    %pushi/vec4 0, 0, 2;
    %store/vec4 v0x7fffe31f6b80_0, 0, 2;
    %pushi/vec4 0, 0, 2;
    %store/vec4 v0x7fffe31f70e0_0, 0, 2;
    %pushi/vec4 0, 0, 1;
    %store/vec4 v0x7fffe31f6c80_0, 0, 1;
    %pushi/vec4 1, 0, 1;
    %store/vec4 v0x7fffe31f73d0_0, 0, 1;
    %jmp T_3.1;
T_3.0 ;
    %load/vec4 v0x7fffe31f6e10_0;
    %dup/vec4;
    %pushi/vec4 35, 0, 6;
    %cmp/u;
    %jmp/1 T_3.2, 6;
    %dup/vec4;
    %pushi/vec4 43, 0, 6;
    %cmp/u;
    %jmp/1 T_3.3, 6;
    %dup/vec4;
    %pushi/vec4 32, 0, 6;
    %cmp/u;
    %jmp/1 T_3.4, 6;
    %dup/vec4;
    %pushi/vec4 40, 0, 6;
    %cmp/u;
    %jmp/1 T_3.5, 6;
    %dup/vec4;
    %pushi/vec4 33, 0, 6;
    %cmp/u;
    %jmp/1 T_3.6, 6;
    %dup/vec4;
    %pushi/vec4 41, 0, 6;
    %cmp/u;
    %jmp/1 T_3.7, 6;
    %dup/vec4;
    %pushi/vec4 15, 0, 6;
    %cmp/u;
    %jmp/1 T_3.8, 6;
    %dup/vec4;
    %pushi/vec4 15, 0, 6;
    %cmp/u;
    %jmp/1 T_3.9, 6;
    %dup/vec4;
    %pushi/vec4 15, 0, 6;
    %cmp/u;
    %jmp/1 T_3.10, 6;
    %dup/vec4;
    %pushi/vec4 15, 0, 6;
    %cmp/u;
    %jmp/1 T_3.11, 6;
    %dup/vec4;
    %pushi/vec4 15, 0, 6;
    %cmp/u;
    %jmp/1 T_3.12, 6;
    %dup/vec4;
    %pushi/vec4 15, 0, 6;
    %cmp/u;
    %jmp/1 T_3.13, 6;
    %dup/vec4;
    %pushi/vec4 2, 0, 6;
    %cmp/u;
    %jmp/1 T_3.14, 6;
    %dup/vec4;
    %pushi/vec4 3, 0, 6;
    %cmp/u;
    %jmp/1 T_3.15, 6;
    %dup/vec4;
    %pushi/vec4 8, 0, 6;
    %cmp/u;
    %jmp/1 T_3.16, 6;
    %jmp T_3.17;
T_3.2 ;
    %pushi/vec4 1, 0, 1;
    %store/vec4 v0x7fffe31f7280_0, 0, 1;
    %pushi/vec4 0, 0, 1;
    %store/vec4 v0x7fffe31f6ef0_0, 0, 1;
    %pushi/vec4 0, 0, 1;
    %store/vec4 v0x7fffe31f6d40_0, 0, 1;
    %pushi/vec4 1, 0, 2;
    %store/vec4 v0x7fffe31f7000_0, 0, 2;
    %pushi/vec4 1, 0, 1;
    %store/vec4 v0x7fffe31f71c0_0, 0, 1;
    %pushi/vec4 1, 0, 2;
    %store/vec4 v0x7fffe31f6b80_0, 0, 2;
    %pushi/vec4 0, 0, 2;
    %store/vec4 v0x7fffe31f70e0_0, 0, 2;
    %pushi/vec4 1, 0, 1;
    %store/vec4 v0x7fffe31f6c80_0, 0, 1;
    %pushi/vec4 1, 0, 1;
    %store/vec4 v0x7fffe31f73d0_0, 0, 1;
    %jmp T_3.17;
T_3.3 ;
    %pushi/vec4 1, 1, 1;
    %store/vec4 v0x7fffe31f7280_0, 0, 1;
    %pushi/vec4 0, 0, 1;
    %store/vec4 v0x7fffe31f6ef0_0, 0, 1;
    %pushi/vec4 0, 0, 1;
    %store/vec4 v0x7fffe31f6d40_0, 0, 1;
    %pushi/vec4 0, 0, 2;
    %store/vec4 v0x7fffe31f7000_0, 0, 2;
    %pushi/vec4 1, 1, 1;
    %store/vec4 v0x7fffe31f71c0_0, 0, 1;
    %pushi/vec4 1, 0, 2;
    %store/vec4 v0x7fffe31f6b80_0, 0, 2;
    %pushi/vec4 1, 0, 2;
    %store/vec4 v0x7fffe31f70e0_0, 0, 2;
    %pushi/vec4 1, 0, 1;
    %store/vec4 v0x7fffe31f6c80_0, 0, 1;
    %pushi/vec4 0, 0, 1;
    %store/vec4 v0x7fffe31f73d0_0, 0, 1;
    %jmp T_3.17;
T_3.4 ;
    %pushi/vec4 1, 0, 1;
    %store/vec4 v0x7fffe31f7280_0, 0, 1;
    %pushi/vec4 0, 0, 1;
    %store/vec4 v0x7fffe31f6ef0_0, 0, 1;
    %pushi/vec4 0, 0, 1;
    %store/vec4 v0x7fffe31f6d40_0, 0, 1;
    %pushi/vec4 2, 0, 2;
    %store/vec4 v0x7fffe31f7000_0, 0, 2;
    %pushi/vec4 1, 0, 1;
    %store/vec4 v0x7fffe31f71c0_0, 0, 1;
    %pushi/vec4 1, 0, 2;
    %store/vec4 v0x7fffe31f6b80_0, 0, 2;
    %pushi/vec4 0, 0, 2;
    %store/vec4 v0x7fffe31f70e0_0, 0, 2;
    %pushi/vec4 1, 0, 1;
    %store/vec4 v0x7fffe31f6c80_0, 0, 1;
    %pushi/vec4 1, 0, 1;
    %store/vec4 v0x7fffe31f73d0_0, 0, 1;
    %jmp T_3.17;
T_3.5 ;
    %pushi/vec4 1, 1, 1;
    %store/vec4 v0x7fffe31f7280_0, 0, 1;
    %pushi/vec4 0, 0, 1;
    %store/vec4 v0x7fffe31f6ef0_0, 0, 1;
    %pushi/vec4 0, 0, 1;
    %store/vec4 v0x7fffe31f6d40_0, 0, 1;
    %pushi/vec4 0, 0, 2;
    %store/vec4 v0x7fffe31f7000_0, 0, 2;
    %pushi/vec4 1, 1, 1;
    %store/vec4 v0x7fffe31f71c0_0, 0, 1;
    %pushi/vec4 1, 0, 2;
    %store/vec4 v0x7fffe31f6b80_0, 0, 2;
    %pushi/vec4 2, 0, 2;
    %store/vec4 v0x7fffe31f70e0_0, 0, 2;
    %pushi/vec4 1, 0, 1;
    %store/vec4 v0x7fffe31f6c80_0, 0, 1;
    %pushi/vec4 0, 0, 1;
    %store/vec4 v0x7fffe31f73d0_0, 0, 1;
    %jmp T_3.17;
T_3.6 ;
    %pushi/vec4 1, 0, 1;
    %store/vec4 v0x7fffe31f7280_0, 0, 1;
    %pushi/vec4 0, 0, 1;
    %store/vec4 v0x7fffe31f6ef0_0, 0, 1;
    %pushi/vec4 0, 0, 1;
    %store/vec4 v0x7fffe31f6d40_0, 0, 1;
    %pushi/vec4 3, 0, 2;
    %store/vec4 v0x7fffe31f7000_0, 0, 2;
    %pushi/vec4 1, 0, 1;
    %store/vec4 v0x7fffe31f71c0_0, 0, 1;
    %pushi/vec4 1, 0, 2;
    %store/vec4 v0x7fffe31f6b80_0, 0, 2;
    %pushi/vec4 0, 0, 2;
    %store/vec4 v0x7fffe31f70e0_0, 0, 2;
    %pushi/vec4 1, 0, 1;
    %store/vec4 v0x7fffe31f6c80_0, 0, 1;
    %pushi/vec4 1, 0, 1;
    %store/vec4 v0x7fffe31f73d0_0, 0, 1;
    %jmp T_3.17;
T_3.7 ;
    %pushi/vec4 1, 1, 1;
    %store/vec4 v0x7fffe31f7280_0, 0, 1;
    %pushi/vec4 0, 0, 1;
    %store/vec4 v0x7fffe31f6ef0_0, 0, 1;
    %pushi/vec4 0, 0, 1;
    %store/vec4 v0x7fffe31f6d40_0, 0, 1;
    %pushi/vec4 0, 0, 2;
    %store/vec4 v0x7fffe31f7000_0, 0, 2;
    %pushi/vec4 1, 1, 1;
    %store/vec4 v0x7fffe31f71c0_0, 0, 1;
    %pushi/vec4 1, 0, 2;
    %store/vec4 v0x7fffe31f6b80_0, 0, 2;
    %pushi/vec4 3, 0, 2;
    %store/vec4 v0x7fffe31f70e0_0, 0, 2;
    %pushi/vec4 1, 0, 1;
    %store/vec4 v0x7fffe31f6c80_0, 0, 1;
    %pushi/vec4 0, 0, 1;
    %store/vec4 v0x7fffe31f73d0_0, 0, 1;
    %jmp T_3.17;
T_3.8 ;
    %pushi/vec4 0, 0, 1;
    %store/vec4 v0x7fffe31f7280_0, 0, 1;
    %pushi/vec4 0, 0, 1;
    %store/vec4 v0x7fffe31f6ef0_0, 0, 1;
    %pushi/vec4 0, 0, 1;
    %store/vec4 v0x7fffe31f6d40_0, 0, 1;
    %pushi/vec4 0, 0, 2;
    %store/vec4 v0x7fffe31f7000_0, 0, 2;
    %pushi/vec4 0, 0, 1;
    %store/vec4 v0x7fffe31f71c0_0, 0, 1;
    %pushi/vec4 1, 0, 2;
    %store/vec4 v0x7fffe31f6b80_0, 0, 2;
    %pushi/vec4 0, 0, 2;
    %store/vec4 v0x7fffe31f70e0_0, 0, 2;
    %pushi/vec4 1, 0, 1;
    %store/vec4 v0x7fffe31f6c80_0, 0, 1;
    %pushi/vec4 1, 0, 1;
    %store/vec4 v0x7fffe31f73d0_0, 0, 1;
    %jmp T_3.17;
T_3.9 ;
    %pushi/vec4 0, 0, 1;
    %store/vec4 v0x7fffe31f7280_0, 0, 1;
    %pushi/vec4 0, 0, 1;
    %store/vec4 v0x7fffe31f6ef0_0, 0, 1;
    %pushi/vec4 0, 0, 1;
    %store/vec4 v0x7fffe31f6d40_0, 0, 1;
    %pushi/vec4 0, 0, 2;
    %store/vec4 v0x7fffe31f7000_0, 0, 2;
    %pushi/vec4 0, 0, 1;
    %store/vec4 v0x7fffe31f71c0_0, 0, 1;
    %pushi/vec4 1, 0, 2;
    %store/vec4 v0x7fffe31f6b80_0, 0, 2;
    %pushi/vec4 0, 0, 2;
    %store/vec4 v0x7fffe31f70e0_0, 0, 2;
    %pushi/vec4 1, 0, 1;
    %store/vec4 v0x7fffe31f6c80_0, 0, 1;
    %pushi/vec4 1, 0, 1;
    %store/vec4 v0x7fffe31f73d0_0, 0, 1;
    %jmp T_3.17;
T_3.10 ;
    %pushi/vec4 0, 0, 1;
    %store/vec4 v0x7fffe31f7280_0, 0, 1;
    %pushi/vec4 0, 0, 1;
    %store/vec4 v0x7fffe31f6ef0_0, 0, 1;
    %pushi/vec4 0, 0, 1;
    %store/vec4 v0x7fffe31f6d40_0, 0, 1;
    %pushi/vec4 0, 0, 2;
    %store/vec4 v0x7fffe31f7000_0, 0, 2;
    %pushi/vec4 0, 0, 1;
    %store/vec4 v0x7fffe31f71c0_0, 0, 1;
    %pushi/vec4 1, 0, 2;
    %store/vec4 v0x7fffe31f6b80_0, 0, 2;
    %pushi/vec4 0, 0, 2;
    %store/vec4 v0x7fffe31f70e0_0, 0, 2;
    %pushi/vec4 1, 0, 1;
    %store/vec4 v0x7fffe31f6c80_0, 0, 1;
    %pushi/vec4 1, 0, 1;
    %store/vec4 v0x7fffe31f73d0_0, 0, 1;
    %jmp T_3.17;
T_3.11 ;
    %pushi/vec4 0, 0, 1;
    %store/vec4 v0x7fffe31f7280_0, 0, 1;
    %pushi/vec4 0, 0, 1;
    %store/vec4 v0x7fffe31f6ef0_0, 0, 1;
    %pushi/vec4 1, 0, 1;
    %store/vec4 v0x7fffe31f6d40_0, 0, 1;
    %pushi/vec4 0, 0, 2;
    %store/vec4 v0x7fffe31f7000_0, 0, 2;
    %pushi/vec4 0, 0, 1;
    %store/vec4 v0x7fffe31f71c0_0, 0, 1;
    %pushi/vec4 1, 0, 2;
    %store/vec4 v0x7fffe31f6b80_0, 0, 2;
    %pushi/vec4 0, 0, 2;
    %store/vec4 v0x7fffe31f70e0_0, 0, 2;
    %pushi/vec4 1, 0, 1;
    %store/vec4 v0x7fffe31f6c80_0, 0, 1;
    %pushi/vec4 1, 0, 1;
    %store/vec4 v0x7fffe31f73d0_0, 0, 1;
    %jmp T_3.17;
T_3.12 ;
    %pushi/vec4 0, 0, 1;
    %store/vec4 v0x7fffe31f7280_0, 0, 1;
    %pushi/vec4 0, 0, 1;
    %store/vec4 v0x7fffe31f6ef0_0, 0, 1;
    %pushi/vec4 1, 0, 1;
    %store/vec4 v0x7fffe31f6d40_0, 0, 1;
    %pushi/vec4 0, 0, 2;
    %store/vec4 v0x7fffe31f7000_0, 0, 2;
    %pushi/vec4 0, 0, 1;
    %store/vec4 v0x7fffe31f71c0_0, 0, 1;
    %pushi/vec4 1, 0, 2;
    %store/vec4 v0x7fffe31f6b80_0, 0, 2;
    %pushi/vec4 0, 0, 2;
    %store/vec4 v0x7fffe31f70e0_0, 0, 2;
    %pushi/vec4 1, 0, 1;
    %store/vec4 v0x7fffe31f6c80_0, 0, 1;
    %pushi/vec4 1, 0, 1;
    %store/vec4 v0x7fffe31f73d0_0, 0, 1;
    %jmp T_3.17;
T_3.13 ;
    %pushi/vec4 0, 0, 1;
    %store/vec4 v0x7fffe31f7280_0, 0, 1;
    %pushi/vec4 0, 0, 1;
    %store/vec4 v0x7fffe31f6ef0_0, 0, 1;
    %pushi/vec4 1, 0, 1;
    %store/vec4 v0x7fffe31f6d40_0, 0, 1;
    %pushi/vec4 0, 0, 2;
    %store/vec4 v0x7fffe31f7000_0, 0, 2;
    %pushi/vec4 0, 0, 1;
    %store/vec4 v0x7fffe31f71c0_0, 0, 1;
    %pushi/vec4 1, 0, 2;
    %store/vec4 v0x7fffe31f6b80_0, 0, 2;
    %pushi/vec4 0, 0, 2;
    %store/vec4 v0x7fffe31f70e0_0, 0, 2;
    %pushi/vec4 1, 0, 1;
    %store/vec4 v0x7fffe31f6c80_0, 0, 1;
    %pushi/vec4 1, 0, 1;
    %store/vec4 v0x7fffe31f73d0_0, 0, 1;
    %jmp T_3.17;
T_3.14 ;
    %pushi/vec4 1, 1, 1;
    %store/vec4 v0x7fffe31f7280_0, 0, 1;
    %pushi/vec4 1, 0, 1;
    %store/vec4 v0x7fffe31f6ef0_0, 0, 1;
    %pushi/vec4 0, 0, 1;
    %store/vec4 v0x7fffe31f6d40_0, 0, 1;
    %pushi/vec4 0, 0, 2;
    %store/vec4 v0x7fffe31f7000_0, 0, 2;
    %pushi/vec4 1, 1, 1;
    %store/vec4 v0x7fffe31f71c0_0, 0, 1;
    %pushi/vec4 3, 3, 2;
    %store/vec4 v0x7fffe31f6b80_0, 0, 2;
    %pushi/vec4 0, 0, 2;
    %store/vec4 v0x7fffe31f70e0_0, 0, 2;
    %pushi/vec4 1, 1, 1;
    %store/vec4 v0x7fffe31f6c80_0, 0, 1;
    %pushi/vec4 0, 0, 1;
    %store/vec4 v0x7fffe31f73d0_0, 0, 1;
    %jmp T_3.17;
T_3.15 ;
    %pushi/vec4 1, 1, 1;
    %store/vec4 v0x7fffe31f7280_0, 0, 1;
    %pushi/vec4 0, 0, 1;
    %store/vec4 v0x7fffe31f6ef0_0, 0, 1;
    %pushi/vec4 0, 0, 1;
    %store/vec4 v0x7fffe31f6d40_0, 0, 1;
    %pushi/vec4 0, 0, 2;
    %store/vec4 v0x7fffe31f7000_0, 0, 2;
    %pushi/vec4 1, 1, 1;
    %store/vec4 v0x7fffe31f71c0_0, 0, 1;
    %pushi/vec4 3, 3, 2;
    %store/vec4 v0x7fffe31f6b80_0, 0, 2;
    %pushi/vec4 0, 0, 2;
    %store/vec4 v0x7fffe31f70e0_0, 0, 2;
    %pushi/vec4 1, 1, 1;
    %store/vec4 v0x7fffe31f6c80_0, 0, 1;
    %pushi/vec4 0, 0, 1;
    %store/vec4 v0x7fffe31f73d0_0, 0, 1;
    %jmp T_3.17;
T_3.16 ;
    %pushi/vec4 1, 1, 1;
    %store/vec4 v0x7fffe31f7280_0, 0, 1;
    %pushi/vec4 1, 0, 1;
    %store/vec4 v0x7fffe31f6ef0_0, 0, 1;
    %pushi/vec4 0, 0, 1;
    %store/vec4 v0x7fffe31f6d40_0, 0, 1;
    %pushi/vec4 0, 0, 2;
    %store/vec4 v0x7fffe31f7000_0, 0, 2;
    %pushi/vec4 1, 1, 1;
    %store/vec4 v0x7fffe31f71c0_0, 0, 1;
    %pushi/vec4 3, 3, 2;
    %store/vec4 v0x7fffe31f6b80_0, 0, 2;
    %pushi/vec4 0, 0, 2;
    %store/vec4 v0x7fffe31f70e0_0, 0, 2;
    %pushi/vec4 1, 1, 1;
    %store/vec4 v0x7fffe31f6c80_0, 0, 1;
    %pushi/vec4 0, 0, 1;
    %store/vec4 v0x7fffe31f73d0_0, 0, 1;
    %jmp T_3.17;
T_3.17 ;
    %pop/vec4 1;
T_3.1 ;
    %jmp T_3;
    .thread T_3;
    .scope S_0x7fffe31f7730;
T_4 ;
    %wait E_0x7fffe31f7aa0;
    %load/vec4 v0x7fffe31f7dd0_0;
    %flag_set/vec4 8;
    %jmp/0xz  T_4.0, 8;
    %pushi/vec4 0, 0, 32;
    %assign/vec4 v0x7fffe31f7ce0_0, 0;
    %jmp T_4.1;
T_4.0 ;
    %load/vec4 v0x7fffe31f7c00_0;
    %assign/vec4 v0x7fffe31f7ce0_0, 0;
T_4.1 ;
    %jmp T_4;
    .thread T_4;
    .scope S_0x7fffe31ba6e0;
T_5 ;
    %wait E_0x7fffe31f76b0;
    %delay 2, 0;
    %vpi_call 7 81 "$display", "%d", v0x7fffe31f7f40_0 {0 0 0};
    %jmp T_5;
    .thread T_5;
    .scope S_0x7fffe31bbf80;
T_6 ;
    %vpi_call 9 20 "$readmemb", "array.txt", v0x7fffe31f8460 {0 0 0};
    %end;
    .thread T_6;
    .scope S_0x7fffe31bbf80;
T_7 ;
    %wait E_0x7fffe31f8320;
    %load/vec4 v0x7fffe31f85f0_0;
    %cmpi/e 1, 0, 2;
    %jmp/0xz  T_7.0, 4;
    %ix/getv 4, v0x7fffe31f8380_0;
    %load/vec4a v0x7fffe31f8460, 4;
    %ix/load 4, 24, 0;
    %ix/load 5, 0, 0;
    %flag_set/imm 4, 0;
    %assign/vec4/off/d v0x7fffe31f8800_0, 4, 5;
    %load/vec4 v0x7fffe31f8380_0;
    %pad/u 33;
    %addi 1, 0, 33;
    %ix/vec4 4;
    %load/vec4a v0x7fffe31f8460, 4;
    %ix/load 4, 16, 0;
    %ix/load 5, 0, 0;
    %flag_set/imm 4, 0;
    %assign/vec4/off/d v0x7fffe31f8800_0, 4, 5;
    %load/vec4 v0x7fffe31f8380_0;
    %pad/u 33;
    %addi 2, 0, 33;
    %ix/vec4 4;
    %load/vec4a v0x7fffe31f8460, 4;
    %ix/load 4, 8, 0;
    %ix/load 5, 0, 0;
    %flag_set/imm 4, 0;
    %assign/vec4/off/d v0x7fffe31f8800_0, 4, 5;
    %load/vec4 v0x7fffe31f8380_0;
    %pad/u 33;
    %addi 3, 0, 33;
    %ix/vec4 4;
    %load/vec4a v0x7fffe31f8460, 4;
    %ix/load 4, 0, 0;
    %ix/load 5, 0, 0;
    %flag_set/imm 4, 0;
    %assign/vec4/off/d v0x7fffe31f8800_0, 4, 5;
T_7.0 ;
    %load/vec4 v0x7fffe31f85f0_0;
    %cmpi/e 2, 0, 2;
    %jmp/0xz  T_7.2, 4;
    %load/vec4 v0x7fffe31f8380_0;
    %pad/u 33;
    %addi 3, 0, 33;
    %ix/vec4 4;
    %load/vec4a v0x7fffe31f8460, 4;
    %ix/load 4, 0, 0;
    %ix/load 5, 0, 0;
    %flag_set/imm 4, 0;
    %assign/vec4/off/d v0x7fffe31f8800_0, 4, 5;
    %pushi/vec4 16777215, 0, 24;
    %ix/load 4, 8, 0;
    %ix/load 5, 0, 0;
    %flag_set/imm 4, 0;
    %assign/vec4/off/d v0x7fffe31f8800_0, 4, 5;
T_7.2 ;
    %load/vec4 v0x7fffe31f85f0_0;
    %cmpi/e 3, 0, 2;
    %jmp/0xz  T_7.4, 4;
    %load/vec4 v0x7fffe31f8380_0;
    %pad/u 33;
    %addi 3, 0, 33;
    %ix/vec4 4;
    %load/vec4a v0x7fffe31f8460, 4;
    %ix/load 4, 0, 0;
    %ix/load 5, 0, 0;
    %flag_set/imm 4, 0;
    %assign/vec4/off/d v0x7fffe31f8800_0, 4, 5;
    %load/vec4 v0x7fffe31f8380_0;
    %pad/u 33;
    %addi 2, 0, 33;
    %ix/vec4 4;
    %load/vec4a v0x7fffe31f8460, 4;
    %ix/load 4, 8, 0;
    %ix/load 5, 0, 0;
    %flag_set/imm 4, 0;
    %assign/vec4/off/d v0x7fffe31f8800_0, 4, 5;
    %pushi/vec4 0, 0, 16;
    %ix/load 4, 16, 0;
    %ix/load 5, 0, 0;
    %flag_set/imm 4, 0;
    %assign/vec4/off/d v0x7fffe31f8800_0, 4, 5;
T_7.4 ;
    %jmp T_7;
    .thread T_7;
    .scope S_0x7fffe31bbf80;
T_8 ;
    %wait E_0x7fffe31f82c0;
    %load/vec4 v0x7fffe31f86d0_0;
    %cmpi/e 1, 0, 2;
    %jmp/0xz  T_8.0, 4;
    %load/vec4 v0x7fffe31f8800_0;
    %parti/s 8, 24, 6;
    %ix/getv 3, v0x7fffe31f8380_0;
    %ix/load 4, 0, 0; Constant delay
    %assign/vec4/a/d v0x7fffe31f8460, 0, 4;
    %load/vec4 v0x7fffe31f8800_0;
    %parti/s 8, 16, 6;
    %load/vec4 v0x7fffe31f8380_0;
    %pad/u 33;
    %addi 1, 0, 33;
    %ix/vec4 3;
    %ix/load 4, 0, 0; Constant delay
    %assign/vec4/a/d v0x7fffe31f8460, 0, 4;
    %load/vec4 v0x7fffe31f8800_0;
    %parti/s 8, 8, 5;
    %load/vec4 v0x7fffe31f8380_0;
    %pad/u 33;
    %addi 2, 0, 33;
    %ix/vec4 3;
    %ix/load 4, 0, 0; Constant delay
    %assign/vec4/a/d v0x7fffe31f8460, 0, 4;
    %load/vec4 v0x7fffe31f8800_0;
    %parti/s 8, 0, 2;
    %load/vec4 v0x7fffe31f8380_0;
    %pad/u 33;
    %addi 3, 0, 33;
    %ix/vec4 3;
    %ix/load 4, 0, 0; Constant delay
    %assign/vec4/a/d v0x7fffe31f8460, 0, 4;
T_8.0 ;
    %load/vec4 v0x7fffe31f86d0_0;
    %cmpi/e 2, 0, 2;
    %jmp/0xz  T_8.2, 4;
    %load/vec4 v0x7fffe31f8800_0;
    %parti/s 8, 0, 2;
    %load/vec4 v0x7fffe31f8380_0;
    %pad/u 33;
    %addi 3, 0, 33;
    %ix/vec4 3;
    %ix/load 4, 0, 0; Constant delay
    %assign/vec4/a/d v0x7fffe31f8460, 0, 4;
    %pushi/vec4 255, 0, 8;
    %load/vec4 v0x7fffe31f8380_0;
    %pad/u 33;
    %addi 2, 0, 33;
    %ix/vec4 3;
    %ix/load 4, 0, 0; Constant delay
    %assign/vec4/a/d v0x7fffe31f8460, 0, 4;
    %pushi/vec4 255, 0, 8;
    %load/vec4 v0x7fffe31f8380_0;
    %pad/u 33;
    %addi 1, 0, 33;
    %ix/vec4 3;
    %ix/load 4, 0, 0; Constant delay
    %assign/vec4/a/d v0x7fffe31f8460, 0, 4;
    %pushi/vec4 255, 0, 8;
    %ix/getv 3, v0x7fffe31f8380_0;
    %ix/load 4, 0, 0; Constant delay
    %assign/vec4/a/d v0x7fffe31f8460, 0, 4;
T_8.2 ;
    %load/vec4 v0x7fffe31f86d0_0;
    %cmpi/e 3, 0, 2;
    %jmp/0xz  T_8.4, 4;
    %load/vec4 v0x7fffe31f8800_0;
    %parti/s 8, 0, 2;
    %load/vec4 v0x7fffe31f8380_0;
    %pad/u 33;
    %addi 3, 0, 33;
    %ix/vec4 3;
    %ix/load 4, 0, 0; Constant delay
    %assign/vec4/a/d v0x7fffe31f8460, 0, 4;
    %load/vec4 v0x7fffe31f8800_0;
    %parti/s 8, 8, 5;
    %load/vec4 v0x7fffe31f8380_0;
    %pad/u 33;
    %addi 2, 0, 33;
    %ix/vec4 3;
    %ix/load 4, 0, 0; Constant delay
    %assign/vec4/a/d v0x7fffe31f8460, 0, 4;
    %pushi/vec4 0, 0, 8;
    %load/vec4 v0x7fffe31f8380_0;
    %pad/u 33;
    %addi 1, 0, 33;
    %ix/vec4 3;
    %ix/load 4, 0, 0; Constant delay
    %assign/vec4/a/d v0x7fffe31f8460, 0, 4;
    %pushi/vec4 0, 0, 8;
    %ix/getv 3, v0x7fffe31f8380_0;
    %ix/load 4, 0, 0; Constant delay
    %assign/vec4/a/d v0x7fffe31f8460, 0, 4;
T_8.4 ;
    %jmp T_8;
    .thread T_8;
    .scope S_0x7fffe31bb0e0;
T_9 ;
    %vpi_call 10 8 "$readmemh", "instrucciones.txt", v0x7fffe31f8be0 {0 0 0};
    %end;
    .thread T_9;
    .scope S_0x7fffe31bb0e0;
T_10 ;
    %wait E_0x7fffe317b530;
    %ix/getv 4, v0x7fffe31f8d60_0;
    %load/vec4a v0x7fffe31f8be0, 4;
    %assign/vec4 v0x7fffe31f8ca0_0, 0;
    %jmp T_10;
    .thread T_10;
    .scope S_0x7fffe31bb0e0;
T_11 ;
    %vpi_call 10 16 "$display", "Dato instruction:" {0 0 0};
    %end;
    .thread T_11;
    .scope S_0x7fffe31ba8a0;
T_12 ;
    %vpi_call 11 16 "$readmemb", "register_set.txt", v0x7fffe31f9440 {0 0 0};
    %end;
    .thread T_12;
    .scope S_0x7fffe31ba8a0;
T_13 ;
    %wait E_0x7fffe31f8f20;
    %load/vec4 v0x7fffe31f9230_0;
    %pad/u 7;
    %ix/vec4 4;
    %load/vec4a v0x7fffe31f9440, 4;
    %assign/vec4 v0x7fffe31f9060_0, 0;
    %load/vec4 v0x7fffe31f9310_0;
    %pad/u 7;
    %ix/vec4 4;
    %load/vec4a v0x7fffe31f9440, 4;
    %assign/vec4 v0x7fffe31f9140_0, 0;
    %jmp T_13;
    .thread T_13;
    .scope S_0x7fffe31ba8a0;
T_14 ;
    %wait E_0x7fffe31f8ec0;
    %load/vec4 v0x7fffe31f9500_0;
    %cmpi/e 1, 0, 1;
    %jmp/0xz  T_14.0, 4;
    %load/vec4 v0x7fffe31f95c0_0;
    %load/vec4 v0x7fffe31f96a0_0;
    %pad/u 7;
    %ix/vec4 3;
    %ix/load 4, 0, 0; Constant delay
    %assign/vec4/a/d v0x7fffe31f9440, 0, 4;
T_14.0 ;
    %jmp T_14;
    .thread T_14;
    .scope S_0x7fffe31bc500;
T_15 ;
    %wait E_0x7fffe31f9880;
    %load/vec4 v0x7fffe31f9a00_0;
    %ix/load 4, 2, 0;
    %flag_set/imm 4, 0;
    %shiftl 4;
    %assign/vec4 v0x7fffe31f9900_0, 0;
    %jmp T_15;
    .thread T_15, $push;
    .scope S_0x7fffe31bc320;
T_16 ;
    %pushi/vec4 0, 0, 2;
    %store/vec4 v0x7fffe31f9e40_0, 0, 2;
    %end;
    .thread T_16;
    .scope S_0x7fffe31bc320;
T_17 ;
    %wait E_0x7fffe31f9b40;
    %load/vec4 v0x7fffe31f9ba0_0;
    %load/vec4 v0x7fffe31f9ca0_0;
    %concat/vec4; draw_concat_vec4
    %load/vec4 v0x7fffe31f9e40_0;
    %concat/vec4; draw_concat_vec4
    %store/vec4 v0x7fffe31f9d80_0, 0, 32;
    %jmp T_17;
    .thread T_17, $push;
    .scope S_0x7fffe31bc140;
T_18 ;
    %wait E_0x7fffe31f9fa0;
    %load/vec4 v0x7fffe31fa000_0;
    %parti/s 1, 15, 5;
    %replicate 16;
    %load/vec4 v0x7fffe31fa000_0;
    %concat/vec4; draw_concat_vec4
    %store/vec4 v0x7fffe31fa100_0, 0, 32;
    %jmp T_18;
    .thread T_18, $push;
    .scope S_0x7fffe31bde40;
T_19 ;
    %wait E_0x7fffe31fa240;
    %load/vec4 v0x7fffe31fa2a0_0;
    %addi 4, 0, 32;
    %assign/vec4 v0x7fffe31fa3a0_0, 0;
    %jmp T_19;
    .thread T_19, $push;
# The file index is used to find the file name in the following table.
:file_names 18;
    "N/A";
    "<interactive>";
    "./Alu.v";
    "./Alu_control.v";
    "./Adder.v";
    "./and.v";
    "./Control.v";
    "Datapath.v";
    "./ProgramCounter.v";
    "./Data_Memory.v";
    "./InstructionMemory.v";
    "./Register_file.v";
    "./Shift_left_Branch.v";
    "./Shift_left_Jump.v";
    "./SignExtend.v";
    "./pc_4.v";
    "./mux2_1.v";
    "./mux_2_1_5bits.v";
